0 info it worked if it ends with ok
1 verbose cli [ '/usr/bin/nodejs', '/usr/bin/npm', 'install', 'bluetooth-obd' ]
2 info using npm@3.5.2
3 info using node@v4.2.6
4 silly loadCurrentTree Starting
5 silly install loadCurrentTree
6 silly install readLocalPackageData
7 silly fetchPackageMetaData bluetooth-obd
8 silly fetchNamedPackageData bluetooth-obd
9 silly mapToRegistry name bluetooth-obd
10 silly mapToRegistry using default registry
11 silly mapToRegistry registry https://registry.npmjs.org/
12 silly mapToRegistry uri https://registry.npmjs.org/bluetooth-obd
13 verbose request uri https://registry.npmjs.org/bluetooth-obd
14 verbose request no auth needed
15 info attempt registry request try #1 at 8:53:03 PM
16 verbose request id 4e813ada6ed15625
17 verbose etag "5961a578-5cb7"
18 verbose lastModified Sun, 9 Jul 2017 3:39:36 GMT
19 http request GET https://registry.npmjs.org/bluetooth-obd
20 http 304 https://registry.npmjs.org/bluetooth-obd
21 verbose headers { date: 'Sun, 07 Jan 2018 01:53:03 GMT',
21 verbose headers   via: '1.1 varnish',
21 verbose headers   'cache-control': 'max-age=300',
21 verbose headers   etag: '"5961a578-5cb7"',
21 verbose headers   age: '1446',
21 verbose headers   connection: 'keep-alive',
21 verbose headers   'x-served-by': 'cache-mia17623-MIA',
21 verbose headers   'x-cache': 'HIT',
21 verbose headers   'x-cache-hits': '1',
21 verbose headers   'x-timer': 'S1515289983.190370,VS0,VE0',
21 verbose headers   vary: 'Accept-Encoding, Accept' }
22 silly get cb [ 304,
22 silly get   { date: 'Sun, 07 Jan 2018 01:53:03 GMT',
22 silly get     via: '1.1 varnish',
22 silly get     'cache-control': 'max-age=300',
22 silly get     etag: '"5961a578-5cb7"',
22 silly get     age: '1446',
22 silly get     connection: 'keep-alive',
22 silly get     'x-served-by': 'cache-mia17623-MIA',
22 silly get     'x-cache': 'HIT',
22 silly get     'x-cache-hits': '1',
22 silly get     'x-timer': 'S1515289983.190370,VS0,VE0',
22 silly get     vary: 'Accept-Encoding, Accept' } ]
23 verbose etag https://registry.npmjs.org/bluetooth-obd from cache
24 verbose get saving bluetooth-obd to /home/brandon/.npm/registry.npmjs.org/bluetooth-obd/.cache.json
25 silly install normalizeTree
26 silly loadCurrentTree Finishing
27 silly loadIdealTree Starting
28 silly install loadIdealTree
29 silly cloneCurrentTree Starting
30 silly install cloneCurrentTreeToIdealTree
31 silly cloneCurrentTree Finishing
32 silly loadShrinkwrap Starting
33 silly install loadShrinkwrap
34 silly loadShrinkwrap Finishing
35 silly loadAllDepsIntoIdealTree Starting
36 silly install loadAllDepsIntoIdealTree
37 silly resolveWithNewModule bluetooth-obd@0.2.4 checking installable status
38 silly cache add args [ 'bluetooth-obd', null ]
39 verbose cache add spec bluetooth-obd
40 silly cache add parsed spec Result {
40 silly cache add   raw: 'bluetooth-obd',
40 silly cache add   scope: null,
40 silly cache add   name: 'bluetooth-obd',
40 silly cache add   rawSpec: '',
40 silly cache add   spec: 'latest',
40 silly cache add   type: 'tag' }
41 silly addNamed bluetooth-obd@latest
42 verbose addNamed "latest" is being treated as a dist-tag for bluetooth-obd
43 info addNameTag [ 'bluetooth-obd', 'latest' ]
44 silly mapToRegistry name bluetooth-obd
45 silly mapToRegistry using default registry
46 silly mapToRegistry registry https://registry.npmjs.org/
47 silly mapToRegistry uri https://registry.npmjs.org/bluetooth-obd
48 verbose addNameTag registry:https://registry.npmjs.org/bluetooth-obd not in flight; fetching
49 verbose get https://registry.npmjs.org/bluetooth-obd not expired, no request
50 silly addNameTag next cb for bluetooth-obd with tag latest
51 silly addNamed bluetooth-obd@0.2.4
52 verbose addNamed "0.2.4" is a plain semver version for bluetooth-obd
53 silly cache afterAdd bluetooth-obd@0.2.4
54 verbose afterAdd /home/brandon/.npm/bluetooth-obd/0.2.4/package/package.json not in flight; writing
55 verbose afterAdd /home/brandon/.npm/bluetooth-obd/0.2.4/package/package.json written
56 silly fetchNamedPackageData bluetooth-serial-port
57 silly mapToRegistry name bluetooth-serial-port
58 silly mapToRegistry using default registry
59 silly mapToRegistry registry https://registry.npmjs.org/
60 silly mapToRegistry uri https://registry.npmjs.org/bluetooth-serial-port
61 verbose request uri https://registry.npmjs.org/bluetooth-serial-port
62 verbose request no auth needed
63 info attempt registry request try #1 at 8:53:03 PM
64 verbose etag "5a43c2dc-ff24"
65 verbose lastModified Wed, 27 Dec 2017 15:57:16 GMT
66 http request GET https://registry.npmjs.org/bluetooth-serial-port
67 http 304 https://registry.npmjs.org/bluetooth-serial-port
68 verbose headers { date: 'Sun, 07 Jan 2018 01:53:03 GMT',
68 verbose headers   via: '1.1 varnish',
68 verbose headers   'cache-control': 'max-age=300',
68 verbose headers   etag: '"5a43c2dc-ff24"',
68 verbose headers   age: '1446',
68 verbose headers   connection: 'keep-alive',
68 verbose headers   'x-served-by': 'cache-mia17631-MIA',
68 verbose headers   'x-cache': 'HIT',
68 verbose headers   'x-cache-hits': '3',
68 verbose headers   'x-timer': 'S1515289983.386562,VS0,VE0',
68 verbose headers   vary: 'Accept-Encoding, Accept' }
69 silly get cb [ 304,
69 silly get   { date: 'Sun, 07 Jan 2018 01:53:03 GMT',
69 silly get     via: '1.1 varnish',
69 silly get     'cache-control': 'max-age=300',
69 silly get     etag: '"5a43c2dc-ff24"',
69 silly get     age: '1446',
69 silly get     connection: 'keep-alive',
69 silly get     'x-served-by': 'cache-mia17631-MIA',
69 silly get     'x-cache': 'HIT',
69 silly get     'x-cache-hits': '3',
69 silly get     'x-timer': 'S1515289983.386562,VS0,VE0',
69 silly get     vary: 'Accept-Encoding, Accept' } ]
70 verbose etag https://registry.npmjs.org/bluetooth-serial-port from cache
71 verbose get saving bluetooth-serial-port to /home/brandon/.npm/registry.npmjs.org/bluetooth-serial-port/.cache.json
72 silly resolveWithNewModule bluetooth-serial-port@2.1.5 checking installable status
73 silly cache add args [ 'bluetooth-serial-port@~2.1.0', null ]
74 verbose cache add spec bluetooth-serial-port@~2.1.0
75 silly cache add parsed spec Result {
75 silly cache add   raw: 'bluetooth-serial-port@~2.1.0',
75 silly cache add   scope: null,
75 silly cache add   name: 'bluetooth-serial-port',
75 silly cache add   rawSpec: '~2.1.0',
75 silly cache add   spec: '>=2.1.0 <2.2.0',
75 silly cache add   type: 'range' }
76 silly addNamed bluetooth-serial-port@>=2.1.0 <2.2.0
77 verbose addNamed ">=2.1.0 <2.2.0" is a valid semver range for bluetooth-serial-port
78 silly addNameRange { name: 'bluetooth-serial-port',
78 silly addNameRange   range: '>=2.1.0 <2.2.0',
78 silly addNameRange   hasData: false }
79 silly mapToRegistry name bluetooth-serial-port
80 silly mapToRegistry using default registry
81 silly mapToRegistry registry https://registry.npmjs.org/
82 silly mapToRegistry uri https://registry.npmjs.org/bluetooth-serial-port
83 verbose addNameRange registry:https://registry.npmjs.org/bluetooth-serial-port not in flight; fetching
84 verbose get https://registry.npmjs.org/bluetooth-serial-port not expired, no request
85 silly addNameRange number 2 { name: 'bluetooth-serial-port',
85 silly addNameRange   range: '>=2.1.0 <2.2.0',
85 silly addNameRange   hasData: true }
86 silly addNameRange versions [ 'bluetooth-serial-port',
86 silly addNameRange   [ '0.1.0',
86 silly addNameRange     '0.1.1',
86 silly addNameRange     '0.1.3',
86 silly addNameRange     '0.1.4',
86 silly addNameRange     '0.1.5',
86 silly addNameRange     '0.1.6',
86 silly addNameRange     '0.1.7',
86 silly addNameRange     '0.1.8',
86 silly addNameRange     '0.1.9',
86 silly addNameRange     '0.1.10',
86 silly addNameRange     '0.1.11',
86 silly addNameRange     '0.1.12',
86 silly addNameRange     '0.2.0',
86 silly addNameRange     '0.2.1',
86 silly addNameRange     '1.0.0',
86 silly addNameRange     '1.0.1',
86 silly addNameRange     '1.0.2',
86 silly addNameRange     '1.0.3',
86 silly addNameRange     '1.0.4',
86 silly addNameRange     '1.0.5',
86 silly addNameRange     '1.1.1',
86 silly addNameRange     '1.1.2',
86 silly addNameRange     '1.1.3',
86 silly addNameRange     '1.1.4',
86 silly addNameRange     '1.2.0',
86 silly addNameRange     '1.2.1',
86 silly addNameRange     '1.2.2',
86 silly addNameRange     '1.2.3',
86 silly addNameRange     '1.2.4',
86 silly addNameRange     '1.2.5',
86 silly addNameRange     '1.2.6',
86 silly addNameRange     '1.3.1',
86 silly addNameRange     '2.0.0',
86 silly addNameRange     '2.1.0',
86 silly addNameRange     '2.1.1',
86 silly addNameRange     '2.1.2',
86 silly addNameRange     '2.1.3',
86 silly addNameRange     '2.1.4',
86 silly addNameRange     '2.1.5' ] ]
87 silly addNamed bluetooth-serial-port@2.1.5
88 verbose addNamed "2.1.5" is a plain semver version for bluetooth-serial-port
89 silly cache afterAdd bluetooth-serial-port@2.1.5
90 verbose afterAdd /home/brandon/.npm/bluetooth-serial-port/2.1.5/package/package.json not in flight; writing
91 verbose afterAdd /home/brandon/.npm/bluetooth-serial-port/2.1.5/package/package.json written
92 silly fetchNamedPackageData bindings
93 silly mapToRegistry name bindings
94 silly mapToRegistry using default registry
95 silly mapToRegistry registry https://registry.npmjs.org/
96 silly mapToRegistry uri https://registry.npmjs.org/bindings
97 silly fetchNamedPackageData @types/node
98 silly mapToRegistry name @types/node
99 silly mapToRegistry scope (from package name) @types
100 verbose mapToRegistry no registry URL found in name for scope @types
101 silly mapToRegistry using default registry
102 silly mapToRegistry registry https://registry.npmjs.org/
103 silly mapToRegistry uri https://registry.npmjs.org/@types%2fnode
104 silly fetchNamedPackageData nan
105 silly mapToRegistry name nan
106 silly mapToRegistry using default registry
107 silly mapToRegistry registry https://registry.npmjs.org/
108 silly mapToRegistry uri https://registry.npmjs.org/nan
109 verbose request uri https://registry.npmjs.org/bindings
110 verbose request no auth needed
111 info attempt registry request try #1 at 8:53:03 PM
112 verbose etag "5a1d3205-4c42"
113 verbose lastModified Tue, 28 Nov 2017 9:53:09 GMT
114 http request GET https://registry.npmjs.org/bindings
115 verbose request uri https://registry.npmjs.org/nan
116 verbose request no auth needed
117 info attempt registry request try #1 at 8:53:03 PM
118 verbose etag "5a3ad7f1-20c2f"
119 verbose lastModified Wed, 20 Dec 2017 21:36:49 GMT
120 http request GET https://registry.npmjs.org/nan
121 verbose request uri https://registry.npmjs.org/@types%2fnode
122 verbose request no auth needed
123 info attempt registry request try #1 at 8:53:03 PM
124 verbose etag W/"5a4fb521-53e23"
125 verbose lastModified Fri, 05 Jan 2018 17:25:53 GMT
126 http request GET https://registry.npmjs.org/@types%2fnode
127 http 304 https://registry.npmjs.org/bindings
128 verbose headers { date: 'Sun, 07 Jan 2018 01:53:03 GMT',
128 verbose headers   via: '1.1 varnish',
128 verbose headers   'cache-control': 'max-age=300',
128 verbose headers   etag: '"5a1d3205-4c42"',
128 verbose headers   age: '9688',
128 verbose headers   connection: 'keep-alive',
128 verbose headers   'x-served-by': 'cache-mia17634-MIA',
128 verbose headers   'x-cache': 'HIT',
128 verbose headers   'x-cache-hits': '2',
128 verbose headers   'x-timer': 'S1515289984.540857,VS0,VE0',
128 verbose headers   vary: 'Accept-Encoding, Accept' }
129 silly get cb [ 304,
129 silly get   { date: 'Sun, 07 Jan 2018 01:53:03 GMT',
129 silly get     via: '1.1 varnish',
129 silly get     'cache-control': 'max-age=300',
129 silly get     etag: '"5a1d3205-4c42"',
129 silly get     age: '9688',
129 silly get     connection: 'keep-alive',
129 silly get     'x-served-by': 'cache-mia17634-MIA',
129 silly get     'x-cache': 'HIT',
129 silly get     'x-cache-hits': '2',
129 silly get     'x-timer': 'S1515289984.540857,VS0,VE0',
129 silly get     vary: 'Accept-Encoding, Accept' } ]
130 verbose etag https://registry.npmjs.org/bindings from cache
131 verbose get saving bindings to /home/brandon/.npm/registry.npmjs.org/bindings/.cache.json
132 silly resolveWithNewModule bindings@1.2.1 checking installable status
133 silly cache add args [ 'bindings@1.2.x', null ]
134 verbose cache add spec bindings@1.2.x
135 silly cache add parsed spec Result {
135 silly cache add   raw: 'bindings@1.2.x',
135 silly cache add   scope: null,
135 silly cache add   name: 'bindings',
135 silly cache add   rawSpec: '1.2.x',
135 silly cache add   spec: '>=1.2.0 <1.3.0',
135 silly cache add   type: 'range' }
136 silly addNamed bindings@>=1.2.0 <1.3.0
137 verbose addNamed ">=1.2.0 <1.3.0" is a valid semver range for bindings
138 silly addNameRange { name: 'bindings', range: '>=1.2.0 <1.3.0', hasData: false }
139 silly mapToRegistry name bindings
140 silly mapToRegistry using default registry
141 silly mapToRegistry registry https://registry.npmjs.org/
142 silly mapToRegistry uri https://registry.npmjs.org/bindings
143 verbose addNameRange registry:https://registry.npmjs.org/bindings not in flight; fetching
144 verbose get https://registry.npmjs.org/bindings not expired, no request
145 silly addNameRange number 2 { name: 'bindings', range: '>=1.2.0 <1.3.0', hasData: true }
146 silly addNameRange versions [ 'bindings',
146 silly addNameRange   [ '0.0.1',
146 silly addNameRange     '0.1.0',
146 silly addNameRange     '0.1.1',
146 silly addNameRange     '0.2.0',
146 silly addNameRange     '0.2.1',
146 silly addNameRange     '0.2.2',
146 silly addNameRange     '0.2.3',
146 silly addNameRange     '0.2.4',
146 silly addNameRange     '0.3.0',
146 silly addNameRange     '0.4.0',
146 silly addNameRange     '1.0.0',
146 silly addNameRange     '1.1.0',
146 silly addNameRange     '1.1.1',
146 silly addNameRange     '1.2.0',
146 silly addNameRange     '1.2.1',
146 silly addNameRange     '1.3.0' ] ]
147 silly addNamed bindings@1.2.1
148 verbose addNamed "1.2.1" is a plain semver version for bindings
149 http 304 https://registry.npmjs.org/nan
150 verbose headers { date: 'Sun, 07 Jan 2018 01:53:03 GMT',
150 verbose headers   via: '1.1 varnish',
150 verbose headers   'cache-control': 'max-age=300',
150 verbose headers   etag: '"5a3ad7f1-20c2f"',
150 verbose headers   age: '10930',
150 verbose headers   connection: 'keep-alive',
150 verbose headers   'x-served-by': 'cache-mia17628-MIA',
150 verbose headers   'x-cache': 'HIT',
150 verbose headers   'x-cache-hits': '13',
150 verbose headers   'x-timer': 'S1515289984.558392,VS0,VE0',
150 verbose headers   vary: 'Accept-Encoding, Accept' }
151 silly get cb [ 304,
151 silly get   { date: 'Sun, 07 Jan 2018 01:53:03 GMT',
151 silly get     via: '1.1 varnish',
151 silly get     'cache-control': 'max-age=300',
151 silly get     etag: '"5a3ad7f1-20c2f"',
151 silly get     age: '10930',
151 silly get     connection: 'keep-alive',
151 silly get     'x-served-by': 'cache-mia17628-MIA',
151 silly get     'x-cache': 'HIT',
151 silly get     'x-cache-hits': '13',
151 silly get     'x-timer': 'S1515289984.558392,VS0,VE0',
151 silly get     vary: 'Accept-Encoding, Accept' } ]
152 verbose etag https://registry.npmjs.org/nan from cache
153 verbose get saving nan to /home/brandon/.npm/registry.npmjs.org/nan/.cache.json
154 silly cache afterAdd bindings@1.2.1
155 verbose afterAdd /home/brandon/.npm/bindings/1.2.1/package/package.json not in flight; writing
156 verbose afterAdd /home/brandon/.npm/bindings/1.2.1/package/package.json written
157 silly resolveWithNewModule nan@2.8.0 checking installable status
158 silly cache add args [ 'nan@latest', null ]
159 verbose cache add spec nan@latest
160 silly cache add parsed spec Result {
160 silly cache add   raw: 'nan@latest',
160 silly cache add   scope: null,
160 silly cache add   name: 'nan',
160 silly cache add   rawSpec: 'latest',
160 silly cache add   spec: 'latest',
160 silly cache add   type: 'tag' }
161 silly addNamed nan@latest
162 verbose addNamed "latest" is being treated as a dist-tag for nan
163 info addNameTag [ 'nan', 'latest' ]
164 silly mapToRegistry name nan
165 silly mapToRegistry using default registry
166 silly mapToRegistry registry https://registry.npmjs.org/
167 silly mapToRegistry uri https://registry.npmjs.org/nan
168 verbose addNameTag registry:https://registry.npmjs.org/nan not in flight; fetching
169 verbose get https://registry.npmjs.org/nan not expired, no request
170 silly addNameTag next cb for nan with tag latest
171 silly addNamed nan@2.8.0
172 verbose addNamed "2.8.0" is a plain semver version for nan
173 silly cache afterAdd nan@2.8.0
174 verbose afterAdd /home/brandon/.npm/nan/2.8.0/package/package.json not in flight; writing
175 verbose afterAdd /home/brandon/.npm/nan/2.8.0/package/package.json written
176 http 304 https://registry.npmjs.org/@types%2fnode
177 verbose headers { server: 'nginx/1.10.1',
177 verbose headers   'last-modified': 'Fri, 05 Jan 2018 17:25:53 GMT',
177 verbose headers   etag: '"5a4fb521-53e23"',
177 verbose headers   'cache-control': 'max-age=0',
177 verbose headers   'accept-ranges': 'bytes',
177 verbose headers   date: 'Sun, 07 Jan 2018 01:53:03 GMT',
177 verbose headers   via: '1.1 varnish',
177 verbose headers   connection: 'keep-alive',
177 verbose headers   'x-served-by': 'cache-mia17629-MIA',
177 verbose headers   'x-cache': 'MISS',
177 verbose headers   'x-cache-hits': '0',
177 verbose headers   'x-timer': 'S1515289984.570055,VS0,VE176' }
178 silly get cb [ 304,
178 silly get   { server: 'nginx/1.10.1',
178 silly get     'last-modified': 'Fri, 05 Jan 2018 17:25:53 GMT',
178 silly get     etag: '"5a4fb521-53e23"',
178 silly get     'cache-control': 'max-age=0',
178 silly get     'accept-ranges': 'bytes',
178 silly get     date: 'Sun, 07 Jan 2018 01:53:03 GMT',
178 silly get     via: '1.1 varnish',
178 silly get     connection: 'keep-alive',
178 silly get     'x-served-by': 'cache-mia17629-MIA',
178 silly get     'x-cache': 'MISS',
178 silly get     'x-cache-hits': '0',
178 silly get     'x-timer': 'S1515289984.570055,VS0,VE176' } ]
179 verbose etag https://registry.npmjs.org/@types%2fnode from cache
180 verbose get saving @types/node to /home/brandon/.npm/registry.npmjs.org/_40types_252fnode/.cache.json
181 silly resolveWithNewModule @types/node@7.0.52 checking installable status
182 silly cache add args [ '@types/node@^7.0.10', null ]
183 verbose cache add spec @types/node@^7.0.10
184 silly cache add parsed spec Result {
184 silly cache add   raw: '@types/node@^7.0.10',
184 silly cache add   scope: '@types',
184 silly cache add   name: '@types/node',
184 silly cache add   rawSpec: '^7.0.10',
184 silly cache add   spec: '>=7.0.10 <8.0.0',
184 silly cache add   type: 'range' }
185 silly addNamed @types/node@>=7.0.10 <8.0.0
186 verbose addNamed ">=7.0.10 <8.0.0" is a valid semver range for @types/node
187 silly addNameRange { name: '@types/node', range: '>=7.0.10 <8.0.0', hasData: false }
188 silly mapToRegistry name @types/node
189 silly mapToRegistry scope (from package name) @types
190 verbose mapToRegistry no registry URL found in name for scope @types
191 silly mapToRegistry using default registry
192 silly mapToRegistry registry https://registry.npmjs.org/
193 silly mapToRegistry uri https://registry.npmjs.org/@types%2fnode
194 verbose addNameRange registry:https://registry.npmjs.org/@types%2fnode not in flight; fetching
195 verbose get https://registry.npmjs.org/@types%2fnode not expired, no request
196 silly addNameRange number 2 { name: '@types/node', range: '>=7.0.10 <8.0.0', hasData: true }
197 silly addNameRange versions [ '@types/node',
197 silly addNameRange   [ '4.0.15-alpha',
197 silly addNameRange     '4.0.16-alpha',
197 silly addNameRange     '4.0.21-alpha',
197 silly addNameRange     '4.0.22-alpha',
197 silly addNameRange     '4.0.23-alpha',
197 silly addNameRange     '4.0.24-alpha',
197 silly addNameRange     '4.0.25-alpha',
197 silly addNameRange     '4.0.26-alpha',
197 silly addNameRange     '4.0.27-alpha',
197 silly addNameRange     '4.0.28-alpha',
197 silly addNameRange     '4.0.29',
197 silly addNameRange     '4.0.30',
197 silly addNameRange     '6.0.31',
197 silly addNameRange     '6.0.32',
197 silly addNameRange     '6.0.33',
197 silly addNameRange     '6.0.34',
197 silly addNameRange     '6.0.35',
197 silly addNameRange     '6.0.36',
197 silly addNameRange     '6.0.37',
197 silly addNameRange     '6.0.38',
197 silly addNameRange     '6.0.39',
197 silly addNameRange     '6.0.40',
197 silly addNameRange     '6.0.41',
197 silly addNameRange     '6.0.42',
197 silly addNameRange     '6.0.43',
197 silly addNameRange     '6.0.44',
197 silly addNameRange     '6.0.45',
197 silly addNameRange     '6.0.46',
197 silly addNameRange     '6.0.47',
197 silly addNameRange     '6.0.48',
197 silly addNameRange     '6.0.49',
197 silly addNameRange     '6.0.50',
197 silly addNameRange     '6.0.51',
197 silly addNameRange     '0.0.0',
197 silly addNameRange     '0.0.1',
197 silly addNameRange     '0.0.2',
197 silly addNameRange     '0.0.3',
197 silly addNameRange     '6.0.52',
197 silly addNameRange     '6.0.53',
197 silly addNameRange     '6.0.54',
197 silly addNameRange     '6.0.55',
197 silly addNameRange     '6.0.56',
197 silly addNameRange     '6.0.57',
197 silly addNameRange     '6.0.58',
197 silly addNameRange     '6.0.59',
197 silly addNameRange     '4.2.0',
197 silly addNameRange     '0.12.0',
197 silly addNameRange     '7.0.0',
197 silly addNameRange     '6.0.60',
197 silly addNameRange     '7.0.1',
197 silly addNameRange     '6.0.61',
197 silly addNameRange     '7.0.2',
197 silly addNameRange     '7.0.3',
197 silly addNameRange     '7.0.4',
197 silly addNameRange     '4.2.1',
197 silly addNameRange     '6.0.62',
197 silly addNameRange     '7.0.5',
197 silly addNameRange     '6.0.63',
197 silly addNameRange     '4.2.2',
197 silly addNameRange     '0.12.1',
197 silly addNameRange     '4.2.3',
197 silly addNameRange     '6.0.64',
197 silly addNameRange     '7.0.6',
197 silly addNameRange     '6.0.65',
197 silly addNameRange     '7.0.7',
197 silly addNameRange     '7.0.8',
197 silly addNameRange     '4.2.4',
197 silly addNameRange     '0.12.2',
197 silly addNameRange     '6.0.66',
197 silly addNameRange     '7.0.9',
197 silly addNameRange     '7.0.10',
197 silly addNameRange     '7.0.11',
197 silly addNameRange     '6.0.67',
197 silly addNameRange     '6.0.68',
197 silly addNameRange     '7.0.12',
197 silly addNameRange     '4.2.5',
197 silly addNameRange     '0.12.3',
197 silly addNameRange     '6.0.69',
197 silly addNameRange     '0.12.4',
197 silly addNameRange     '4.2.6',
197 silly addNameRange     '6.0.70',
197 silly addNameRange     '7.0.13',
197 silly addNameRange     '7.0.14',
197 silly addNameRange     '6.0.71',
197 silly addNameRange     '7.0.15',
197 silly addNameRange     '4.2.7',
197 silly addNameRange     '6.0.72',
197 silly addNameRange     '7.0.16',
197 silly addNameRange     '7.0.17',
197 silly addNameRange     '7.0.18',
197 silly addNameRange     '4.2.8',
197 silly addNameRange     '6.0.73',
197 silly addNameRange     '7.0.19',
197 silly addNameRange     '7.0.20',
197 silly addNameRange     '7.0.21',
197 silly addNameRange     '7.0.22',
197 silly addNameRange     '6.0.74',
197 silly addNameRange     '7.0.23',
197 silly addNameRange     '7.0.24',
197 silly addNameRange     '6.0.75',
197 silly addNameRange     '4.2.9',
197 silly addNameRange     '6.0.76',
197 silly addNameRange     '7.0.25',
197 silly addNameRange     '7.0.26',
197 silly addNameRange     '0.12.5',
197 silly addNameRange     '4.2.10',
197 silly addNameRange     '6.0.77',
197 silly addNameRange     '7.0.27',
197 silly addNameRange     '0.12.6',
197 silly addNameRange     '7.0.28',
197 silly addNameRange     '4.2.11',
197 silly addNameRange     '6.0.78',
197 silly addNameRange     '7.0.29',
197 silly addNameRange     '7.0.30',
197 silly addNameRange     '7.0.31',
197 silly addNameRange     '7.0.32',
197 silly addNameRange     '8.0.0',
197 silly addNameRange     '8.0.1',
197 silly addNameRange     '8.0.2',
197 silly addNameRange     '8.0.3',
197 silly addNameRange     '8.0.4',
197 silly addNameRange     '8.0.5',
197 silly addNameRange     '6.0.79',
197 silly addNameRange     '7.0.33',
197 silly addNameRange     '4.2.12',
197 silly addNameRange     '8.0.6',
197 silly addNameRange     '8.0.7',
197 silly addNameRange     '8.0.8',
197 silly addNameRange     '8.0.9',
197 silly addNameRange     '7.0.34',
197 silly addNameRange     '8.0.10',
197 silly addNameRange     '6.0.80',
197 silly addNameRange     '6.0.81',
197 silly addNameRange     '4.2.13',
197 silly addNameRange     '7.0.35',
197 silly addNameRange     '8.0.11',
197 silly addNameRange     '6.0.82',
197 silly addNameRange     '7.0.36',
197 silly addNameRange     '8.0.12',
197 silly addNameRange     '6.0.83',
197 silly addNameRange     '7.0.37',
197 silly addNameRange     '8.0.13',
197 silly addNameRange     '4.2.14',
197 silly addNameRange     '4.2.15',
197 silly addNameRange     '0.12.7',
197 silly addNameRange     '6.0.84',
197 silly addNameRange     '8.0.14',
197 silly addNameRange     '7.0.38',
197 silly addNameRange     '0.12.8',
197 silly addNameRange     '4.2.16',
197 silly addNameRange     '6.0.85',
197 silly addNameRange     '7.0.39',
197 silly addNameRange     '8.0.15',
197 silly addNameRange     '8.0.16',
197 silly addNameRange     '8.0.17',
197 silly addNameRange     '8.0.18',
197 silly addNameRange     '8.0.19',
197 silly addNameRange     '8.0.20',
197 silly addNameRange     '4.2.17',
197 silly addNameRange     '6.0.86',
197 silly addNameRange     '7.0.40',
197 silly addNameRange     '8.0.21',
197 silly addNameRange     '4.2.18',
197 silly addNameRange     '7.0.41',
197 silly addNameRange     '8.0.22',
197 silly addNameRange     '6.0.87',
197 silly addNameRange     '0.12.9',
197 silly addNameRange     '4.2.19',
197 silly addNameRange     '8.0.23',
197 silly addNameRange     '7.0.42',
197 silly addNameRange     '8.0.24',
197 silly addNameRange     '6.0.88',
197 silly addNameRange     '8.0.25',
197 silly addNameRange     '0.12.10',
197 silly addNameRange     '7.0.43',
197 silly addNameRange     '4.2.20',
197 silly addNameRange     '8.0.26',
197 silly addNameRange     '8.0.27',
197 silly addNameRange     '8.0.28',
197 silly addNameRange     '8.0.29',
197 silly addNameRange     '8.0.30',
197 silly addNameRange     '8.0.31',
197 silly addNameRange     '8.0.32',
197 silly addNameRange     '6.0.89',
197 silly addNameRange     '8.0.33',
197 silly addNameRange     '8.0.34',
197 silly addNameRange     '8.0.35',
197 silly addNameRange     '8.0.36',
197 silly addNameRange     '7.0.44',
197 silly addNameRange     '8.0.37',
197 silly addNameRange     '8.0.38',
197 silly addNameRange     '8.0.39',
197 silly addNameRange     '8.0.40',
197 silly addNameRange     '8.0.41',
197 silly addNameRange     '8.0.42',
197 silly addNameRange     '8.0.43',
197 silly addNameRange     '8.0.44',
197 silly addNameRange     '0.12.11',
197 silly addNameRange     '6.0.90',
197 silly addNameRange     '4.2.21',
197 silly addNameRange     '8.0.45',
197 silly addNameRange     '7.0.45',
197 silly addNameRange     '7.0.46',
197 silly addNameRange     '8.0.46',
197 silly addNameRange     '8.0.47',
197 silly addNameRange     '8.0.48',
197 silly addNameRange     '8.0.49',
197 silly addNameRange     '8.0.50',
197 silly addNameRange     '8.0.51',
197 silly addNameRange     '6.0.91',
197 silly addNameRange     '4.2.22',
197 silly addNameRange     '8.0.52',
197 silly addNameRange     '7.0.47',
197 silly addNameRange     '6.0.92',
197 silly addNameRange     '4.2.23',
197 silly addNameRange     '7.0.48',
197 silly addNameRange     '8.0.53',
197 silly addNameRange     '8.0.54',
197 silly addNameRange     '8.0.55',
197 silly addNameRange     '4.0.31',
197 silly addNameRange     '8.0.56',
197 silly addNameRange     '8.0.57',
197 silly addNameRange     '6.0.93',
197 silly addNameRange     '4.0.32',
197 silly addNameRange     '7.0.49',
197 silly addNameRange     '8.0.58',
197 silly addNameRange     '8.5.0',
197 silly addNameRange     '0.12.12',
197 silly addNameRange     '7.0.50',
197 silly addNameRange     '8.5.1',
197 silly addNameRange     '6.0.94',
197 silly addNameRange     '4.0.33',
197 silly addNameRange     '0.12.13',
197 silly addNameRange     '8.5.2',
197 silly addNameRange     '4.0.34',
197 silly addNameRange     '7.0.51',
197 silly addNameRange     '6.0.95',
197 silly addNameRange     '8.5.3',
197 silly addNameRange     '8.5.4',
197 silly addNameRange     '8.5.5',
197 silly addNameRange     '0.12.14',
197 silly addNameRange     '7.0.52',
197 silly addNameRange     '4.0.35',
197 silly addNameRange     '8.5.6',
197 silly addNameRange     '6.0.96',
197 silly addNameRange     '8.5.7' ] ]
198 silly addNamed @types/node@7.0.52
199 verbose addNamed "7.0.52" is a plain semver version for @types/node
200 silly cache afterAdd @types/node@7.0.52
201 verbose afterAdd /home/brandon/.npm/@types/node/7.0.52/package/package.json not in flight; writing
202 verbose afterAdd /home/brandon/.npm/@types/node/7.0.52/package/package.json written
203 silly loadAllDepsIntoIdealTree Finishing
204 silly idealTree:prePrune JoyRyde
204 silly idealTree:prePrune ├── @types/node@7.0.52
204 silly idealTree:prePrune ├── bindings@1.2.1
204 silly idealTree:prePrune ├── bluetooth-obd@0.2.4
204 silly idealTree:prePrune ├── bluetooth-serial-port@2.1.5
204 silly idealTree:prePrune └── nan@2.8.0
205 silly loadIdealTree Finishing
206 silly currentTree JoyRyde
207 silly idealTree JoyRyde
207 silly idealTree ├── @types/node@7.0.52
207 silly idealTree ├── bindings@1.2.1
207 silly idealTree ├── bluetooth-obd@0.2.4
207 silly idealTree ├── bluetooth-serial-port@2.1.5
207 silly idealTree └── nan@2.8.0
208 silly generateActionsToTake Starting
209 silly install generateActionsToTake
210 silly generateActionsToTake Finishing
211 silly diffTrees action count 5
212 silly diffTrees add @types/node@7.0.52
213 silly diffTrees add bindings@1.2.1
214 silly diffTrees add nan@2.8.0
215 silly diffTrees add bluetooth-serial-port@2.1.5
216 silly diffTrees add bluetooth-obd@0.2.4
217 silly decomposeActions action count 40
218 silly decomposeActions fetch @types/node@7.0.52
219 silly decomposeActions extract @types/node@7.0.52
220 silly decomposeActions test @types/node@7.0.52
221 silly decomposeActions preinstall @types/node@7.0.52
222 silly decomposeActions build @types/node@7.0.52
223 silly decomposeActions install @types/node@7.0.52
224 silly decomposeActions postinstall @types/node@7.0.52
225 silly decomposeActions finalize @types/node@7.0.52
226 silly decomposeActions fetch bindings@1.2.1
227 silly decomposeActions extract bindings@1.2.1
228 silly decomposeActions test bindings@1.2.1
229 silly decomposeActions preinstall bindings@1.2.1
230 silly decomposeActions build bindings@1.2.1
231 silly decomposeActions install bindings@1.2.1
232 silly decomposeActions postinstall bindings@1.2.1
233 silly decomposeActions finalize bindings@1.2.1
234 silly decomposeActions fetch nan@2.8.0
235 silly decomposeActions extract nan@2.8.0
236 silly decomposeActions test nan@2.8.0
237 silly decomposeActions preinstall nan@2.8.0
238 silly decomposeActions build nan@2.8.0
239 silly decomposeActions install nan@2.8.0
240 silly decomposeActions postinstall nan@2.8.0
241 silly decomposeActions finalize nan@2.8.0
242 silly decomposeActions fetch bluetooth-serial-port@2.1.5
243 silly decomposeActions extract bluetooth-serial-port@2.1.5
244 silly decomposeActions test bluetooth-serial-port@2.1.5
245 silly decomposeActions preinstall bluetooth-serial-port@2.1.5
246 silly decomposeActions build bluetooth-serial-port@2.1.5
247 silly decomposeActions install bluetooth-serial-port@2.1.5
248 silly decomposeActions postinstall bluetooth-serial-port@2.1.5
249 silly decomposeActions finalize bluetooth-serial-port@2.1.5
250 silly decomposeActions fetch bluetooth-obd@0.2.4
251 silly decomposeActions extract bluetooth-obd@0.2.4
252 silly decomposeActions test bluetooth-obd@0.2.4
253 silly decomposeActions preinstall bluetooth-obd@0.2.4
254 silly decomposeActions build bluetooth-obd@0.2.4
255 silly decomposeActions install bluetooth-obd@0.2.4
256 silly decomposeActions postinstall bluetooth-obd@0.2.4
257 silly decomposeActions finalize bluetooth-obd@0.2.4
258 silly executeActions Starting
259 silly install executeActions
260 silly doSerial global-install 0
261 silly doParallel fetch 5
262 verbose lock using /home/brandon/.npm/_locks/staging-9e83cdd17a8d2878.lock for /home/brandon/Documents/Projects/JoyRyde/node_modules/.staging
263 silly doParallel extract 5
264 silly extract @types/node@7.0.52
265 silly extract bindings@1.2.1
266 silly extract nan@2.8.0
267 silly extract bluetooth-serial-port@2.1.5
268 silly extract bluetooth-obd@0.2.4
269 verbose unbuild node_modules/.staging/@types/node-a7ca7ae3
270 verbose unbuild node_modules/.staging/bindings-3358988b
271 verbose unbuild node_modules/.staging/nan-c59ee0a7
272 verbose unbuild node_modules/.staging/bluetooth-serial-port-0d3d0676
273 verbose unbuild node_modules/.staging/bluetooth-obd-21fcb9dd
274 silly gentlyRm /home/brandon/Documents/Projects/JoyRyde/node_modules/.staging/@types/node-a7ca7ae3 is being purged from base /home/brandon/Documents/Projects/JoyRyde
275 verbose gentlyRm don't care about contents; nuking /home/brandon/Documents/Projects/JoyRyde/node_modules/.staging/@types/node-a7ca7ae3
276 silly gentlyRm /home/brandon/Documents/Projects/JoyRyde/node_modules/.staging/bindings-3358988b is being purged from base /home/brandon/Documents/Projects/JoyRyde
277 verbose gentlyRm don't care about contents; nuking /home/brandon/Documents/Projects/JoyRyde/node_modules/.staging/bindings-3358988b
278 silly gentlyRm /home/brandon/Documents/Projects/JoyRyde/node_modules/.staging/nan-c59ee0a7 is being purged from base /home/brandon/Documents/Projects/JoyRyde
279 verbose gentlyRm don't care about contents; nuking /home/brandon/Documents/Projects/JoyRyde/node_modules/.staging/nan-c59ee0a7
280 silly gentlyRm /home/brandon/Documents/Projects/JoyRyde/node_modules/.staging/bluetooth-serial-port-0d3d0676 is being purged from base /home/brandon/Documents/Projects/JoyRyde
281 verbose gentlyRm don't care about contents; nuking /home/brandon/Documents/Projects/JoyRyde/node_modules/.staging/bluetooth-serial-port-0d3d0676
282 silly gentlyRm /home/brandon/Documents/Projects/JoyRyde/node_modules/.staging/bluetooth-obd-21fcb9dd is being purged from base /home/brandon/Documents/Projects/JoyRyde
283 verbose gentlyRm don't care about contents; nuking /home/brandon/Documents/Projects/JoyRyde/node_modules/.staging/bluetooth-obd-21fcb9dd
284 verbose tar unpack /home/brandon/.npm/@types/node/7.0.52/package.tgz
285 verbose tar unpacking to /home/brandon/Documents/Projects/JoyRyde/node_modules/.staging/@types/node-a7ca7ae3
286 silly gentlyRm /home/brandon/Documents/Projects/JoyRyde/node_modules/.staging/@types/node-a7ca7ae3 is being purged
287 verbose gentlyRm don't care about contents; nuking /home/brandon/Documents/Projects/JoyRyde/node_modules/.staging/@types/node-a7ca7ae3
288 verbose tar unpack /home/brandon/.npm/bindings/1.2.1/package.tgz
289 verbose tar unpacking to /home/brandon/Documents/Projects/JoyRyde/node_modules/.staging/bindings-3358988b
290 silly gentlyRm /home/brandon/Documents/Projects/JoyRyde/node_modules/.staging/bindings-3358988b is being purged
291 verbose gentlyRm don't care about contents; nuking /home/brandon/Documents/Projects/JoyRyde/node_modules/.staging/bindings-3358988b
292 verbose tar unpack /home/brandon/.npm/nan/2.8.0/package.tgz
293 verbose tar unpacking to /home/brandon/Documents/Projects/JoyRyde/node_modules/.staging/nan-c59ee0a7
294 silly gentlyRm /home/brandon/Documents/Projects/JoyRyde/node_modules/.staging/nan-c59ee0a7 is being purged
295 verbose gentlyRm don't care about contents; nuking /home/brandon/Documents/Projects/JoyRyde/node_modules/.staging/nan-c59ee0a7
296 verbose tar unpack /home/brandon/.npm/bluetooth-serial-port/2.1.5/package.tgz
297 verbose tar unpacking to /home/brandon/Documents/Projects/JoyRyde/node_modules/.staging/bluetooth-serial-port-0d3d0676
298 silly gentlyRm /home/brandon/Documents/Projects/JoyRyde/node_modules/.staging/bluetooth-serial-port-0d3d0676 is being purged
299 verbose gentlyRm don't care about contents; nuking /home/brandon/Documents/Projects/JoyRyde/node_modules/.staging/bluetooth-serial-port-0d3d0676
300 verbose tar unpack /home/brandon/.npm/bluetooth-obd/0.2.4/package.tgz
301 verbose tar unpacking to /home/brandon/Documents/Projects/JoyRyde/node_modules/.staging/bluetooth-obd-21fcb9dd
302 silly gentlyRm /home/brandon/Documents/Projects/JoyRyde/node_modules/.staging/bluetooth-obd-21fcb9dd is being purged
303 verbose gentlyRm don't care about contents; nuking /home/brandon/Documents/Projects/JoyRyde/node_modules/.staging/bluetooth-obd-21fcb9dd
304 silly gunzTarPerm modes [ '775', '664' ]
305 silly gunzTarPerm modes [ '775', '664' ]
306 silly gunzTarPerm modes [ '775', '664' ]
307 silly gunzTarPerm modes [ '775', '664' ]
308 silly gunzTarPerm modes [ '775', '664' ]
309 silly gunzTarPerm extractEntry LICENSE
310 silly gunzTarPerm modified mode [ 'LICENSE', 511, 509 ]
311 silly gunzTarPerm extractEntry package.json
312 silly gunzTarPerm modified mode [ 'package.json', 420, 436 ]
313 silly gunzTarPerm extractEntry package.json
314 silly gunzTarPerm extractEntry package.json
315 silly gunzTarPerm modified mode [ 'package.json', 420, 436 ]
316 silly gunzTarPerm extractEntry package.json
317 silly gunzTarPerm modified mode [ 'package.json', 438, 436 ]
318 silly gunzTarPerm extractEntry README.md
319 silly gunzTarPerm modified mode [ 'README.md', 511, 509 ]
320 silly gunzTarPerm extractEntry index.d.ts
321 silly gunzTarPerm modified mode [ 'index.d.ts', 511, 509 ]
322 silly gunzTarPerm extractEntry README.md
323 silly gunzTarPerm modified mode [ 'README.md', 420, 436 ]
324 silly gunzTarPerm extractEntry bindings.js
325 silly gunzTarPerm modified mode [ 'bindings.js', 420, 436 ]
326 silly gunzTarPerm extractEntry README.md
327 silly gunzTarPerm extractEntry README.md
328 silly gunzTarPerm modified mode [ 'README.md', 420, 436 ]
329 silly gunzTarPerm extractEntry binding.gyp
330 silly gunzTarPerm modified mode [ 'binding.gyp', 420, 436 ]
331 silly gunzTarPerm extractEntry .npmignore
332 silly gunzTarPerm modified mode [ '.npmignore', 438, 436 ]
333 silly gunzTarPerm extractEntry README.md
334 silly gunzTarPerm modified mode [ 'README.md', 438, 436 ]
335 silly gunzTarPerm extractEntry include_dirs.js
336 silly gunzTarPerm extractEntry package.json
337 silly gunzTarPerm modified mode [ 'package.json', 511, 509 ]
338 silly gunzTarPerm extractEntry nan_converters_43_inl.h
339 silly gunzTarPerm extractEntry LICENSE.md
340 silly gunzTarPerm extractEntry doc/new.md
341 silly gunzTarPerm extractEntry LICENSE
342 silly gunzTarPerm modified mode [ 'LICENSE', 438, 436 ]
343 silly gunzTarPerm extractEntry NOTICE
344 silly gunzTarPerm modified mode [ 'NOTICE', 438, 436 ]
345 silly gunzTarPerm extractEntry LICENSE.md
346 silly gunzTarPerm modified mode [ 'LICENSE.md', 420, 436 ]
347 silly gunzTarPerm extractEntry RELEASE_NOTES.md
348 silly gunzTarPerm modified mode [ 'RELEASE_NOTES.md', 420, 436 ]
349 silly gunzTarPerm extractEntry doc/asyncworker.md
350 silly gunzTarPerm extractEntry example/test.js
351 silly gunzTarPerm modified mode [ 'example/test.js', 438, 436 ]
352 silly gunzTarPerm extractEntry lib/obd.js
353 silly gunzTarPerm modified mode [ 'lib/obd.js', 438, 436 ]
354 silly gunzTarPerm extractEntry appveyor.yml
355 silly gunzTarPerm modified mode [ 'appveyor.yml', 420, 436 ]
356 silly gunzTarPerm extractEntry .travis.yml
357 silly gunzTarPerm modified mode [ '.travis.yml', 420, 436 ]
358 silly gunzTarPerm extractEntry doc/callback.md
359 silly gunzTarPerm extractEntry doc/converters.md
360 silly gunzTarPerm extractEntry lib/obdInfo.js
361 silly gunzTarPerm modified mode [ 'lib/obdInfo.js', 438, 436 ]
362 silly gunzTarPerm extractEntry examples/async.js
363 silly gunzTarPerm modified mode [ 'examples/async.js', 420, 436 ]
364 silly gunzTarPerm extractEntry examples/paired.js
365 silly gunzTarPerm modified mode [ 'examples/paired.js', 420, 436 ]
366 silly gunzTarPerm extractEntry doc/errors.md
367 silly gunzTarPerm extractEntry doc/json.md
368 silly gunzTarPerm extractEntry tests/jasmine/obd.spec.js
369 silly gunzTarPerm modified mode [ 'tests/jasmine/obd.spec.js', 438, 436 ]
370 silly gunzTarPerm extractEntry examples/sync.js
371 silly gunzTarPerm modified mode [ 'examples/sync.js', 420, 436 ]
372 silly gunzTarPerm extractEntry lib/bluetooth-serial-port.js
373 silly gunzTarPerm modified mode [ 'lib/bluetooth-serial-port.js', 420, 436 ]
374 silly gunzTarPerm extractEntry doc/maybe_types.md
375 silly gunzTarPerm extractEntry doc/methods.md
376 silly gentlyRm /home/brandon/Documents/Projects/JoyRyde/node_modules/.staging/bindings-3358988b/node_modules is being purged
377 verbose gentlyRm don't care about contents; nuking /home/brandon/Documents/Projects/JoyRyde/node_modules/.staging/bindings-3358988b/node_modules
378 silly gunzTarPerm extractEntry doc/buffers.md
379 silly gunzTarPerm extractEntry doc/node_misc.md
380 silly gunzTarPerm extractEntry lib/device-inquiry.js
381 silly gunzTarPerm modified mode [ 'lib/device-inquiry.js', 420, 436 ]
382 silly gunzTarPerm extractEntry lib/bluetooth-serial-port.d.ts
383 silly gunzTarPerm modified mode [ 'lib/bluetooth-serial-port.d.ts', 420, 436 ]
384 silly gunzTarPerm extractEntry src/BTSerialPortBinding.h
385 silly gunzTarPerm modified mode [ 'src/BTSerialPortBinding.h', 420, 436 ]
386 silly gunzTarPerm extractEntry src/BTSerialPortBindingServer.h
387 silly gunzTarPerm modified mode [ 'src/BTSerialPortBindingServer.h', 420, 436 ]
388 silly gunzTarPerm extractEntry doc/object_wrappers.md
389 silly gunzTarPerm extractEntry doc/persistent.md
390 silly gunzTarPerm extractEntry src/DeviceINQ.h
391 silly gunzTarPerm modified mode [ 'src/DeviceINQ.h', 420, 436 ]
392 silly gunzTarPerm extractEntry src/linux/BTSerialPortBinding.cc
393 silly gunzTarPerm modified mode [ 'src/linux/BTSerialPortBinding.cc', 420, 436 ]
394 silly gunzTarPerm extractEntry doc/scopes.md
395 silly gunzTarPerm extractEntry doc/script.md
396 silly gunzTarPerm extractEntry src/linux/BTSerialPortBindingServer.cc
397 silly gunzTarPerm modified mode [ 'src/linux/BTSerialPortBindingServer.cc', 420, 436 ]
398 silly gunzTarPerm extractEntry src/linux/BluetoothSerialPort.cc
399 silly gunzTarPerm modified mode [ 'src/linux/BluetoothSerialPort.cc', 420, 436 ]
400 silly gentlyRm /home/brandon/Documents/Projects/JoyRyde/node_modules/.staging/@types/node-a7ca7ae3/node_modules is being purged
401 verbose gentlyRm don't care about contents; nuking /home/brandon/Documents/Projects/JoyRyde/node_modules/.staging/@types/node-a7ca7ae3/node_modules
402 silly gunzTarPerm extractEntry doc/string_bytes.md
403 silly gunzTarPerm extractEntry doc/v8_internals.md
404 silly gunzTarPerm extractEntry src/linux/BluetoothSerialPortServer.cc
405 silly gunzTarPerm modified mode [ 'src/linux/BluetoothSerialPortServer.cc', 420, 436 ]
406 silly gunzTarPerm extractEntry src/linux/DeviceINQ.cc
407 silly gunzTarPerm modified mode [ 'src/linux/DeviceINQ.cc', 420, 436 ]
408 silly gunzTarPerm extractEntry doc/v8_misc.md
409 silly gunzTarPerm extractEntry nan.h
410 silly gunzTarPerm extractEntry src/ngx-queue.h
411 silly gunzTarPerm modified mode [ 'src/ngx-queue.h', 420, 436 ]
412 silly gunzTarPerm extractEntry src/osx/BTSerialPortBinding.mm
413 silly gunzTarPerm modified mode [ 'src/osx/BTSerialPortBinding.mm', 420, 436 ]
414 silly gunzTarPerm extractEntry nan_callbacks.h
415 silly gunzTarPerm extractEntry nan_callbacks_12_inl.h
416 silly gunzTarPerm extractEntry src/osx/BluetoothDeviceResources.h
417 silly gunzTarPerm modified mode [ 'src/osx/BluetoothDeviceResources.h', 420, 436 ]
418 silly gunzTarPerm extractEntry src/osx/BluetoothDeviceResources.mm
419 silly gunzTarPerm modified mode [ 'src/osx/BluetoothDeviceResources.mm', 420, 436 ]
420 silly gunzTarPerm extractEntry nan_callbacks_pre_12_inl.h
421 silly gunzTarPerm extractEntry nan_converters.h
422 silly gunzTarPerm extractEntry nan_converters_pre_43_inl.h
423 silly gunzTarPerm extractEntry nan_implementation_12_inl.h
424 silly gentlyRm /home/brandon/Documents/Projects/JoyRyde/node_modules/.staging/bluetooth-obd-21fcb9dd/node_modules is being purged
425 verbose gentlyRm don't care about contents; nuking /home/brandon/Documents/Projects/JoyRyde/node_modules/.staging/bluetooth-obd-21fcb9dd/node_modules
426 silly gunzTarPerm extractEntry src/osx/BluetoothSerialPort.mm
427 silly gunzTarPerm modified mode [ 'src/osx/BluetoothSerialPort.mm', 420, 436 ]
428 silly gunzTarPerm extractEntry src/osx/BluetoothWorker.h
429 silly gunzTarPerm modified mode [ 'src/osx/BluetoothWorker.h', 420, 436 ]
430 silly gunzTarPerm extractEntry nan_implementation_pre_12_inl.h
431 silly gunzTarPerm extractEntry nan_json.h
432 silly gunzTarPerm extractEntry nan_maybe_43_inl.h
433 silly gunzTarPerm extractEntry nan_maybe_pre_43_inl.h
434 silly gunzTarPerm extractEntry src/osx/BluetoothWorker.mm
435 silly gunzTarPerm modified mode [ 'src/osx/BluetoothWorker.mm', 420, 436 ]
436 silly gunzTarPerm extractEntry src/osx/DeviceINQ.mm
437 silly gunzTarPerm modified mode [ 'src/osx/DeviceINQ.mm', 420, 436 ]
438 silly gunzTarPerm extractEntry nan_new.h
439 silly gunzTarPerm extractEntry nan_object_wrap.h
440 silly gunzTarPerm extractEntry src/osx/pipe.c
441 silly gunzTarPerm modified mode [ 'src/osx/pipe.c', 420, 436 ]
442 silly gunzTarPerm extractEntry src/osx/pipe.h
443 silly gunzTarPerm modified mode [ 'src/osx/pipe.h', 420, 436 ]
444 silly gunzTarPerm extractEntry nan_persistent_12_inl.h
445 silly gunzTarPerm extractEntry nan_persistent_pre_12_inl.h
446 silly gunzTarPerm extractEntry src/windows/BTSerialPortBinding.cc
447 silly gunzTarPerm modified mode [ 'src/windows/BTSerialPortBinding.cc', 420, 436 ]
448 silly gunzTarPerm extractEntry src/windows/BluetoothHelpers.cc
449 silly gunzTarPerm modified mode [ 'src/windows/BluetoothHelpers.cc', 420, 436 ]
450 silly gunzTarPerm extractEntry nan_private.h
451 silly gunzTarPerm extractEntry nan_string_bytes.h
452 silly gunzTarPerm extractEntry src/windows/BluetoothHelpers.h
453 silly gunzTarPerm modified mode [ 'src/windows/BluetoothHelpers.h', 420, 436 ]
454 silly gunzTarPerm extractEntry src/windows/BluetoothSerialPort.cc
455 silly gunzTarPerm modified mode [ 'src/windows/BluetoothSerialPort.cc', 420, 436 ]
456 silly gunzTarPerm extractEntry nan_typedarray_contents.h
457 silly gunzTarPerm extractEntry nan_weak.h
458 silly gunzTarPerm extractEntry src/windows/DeviceINQ.cc
459 silly gunzTarPerm modified mode [ 'src/windows/DeviceINQ.cc', 420, 436 ]
460 silly gunzTarPerm extractEntry Dockerfile
461 silly gunzTarPerm modified mode [ 'Dockerfile', 420, 436 ]
462 silly gunzTarPerm extractEntry test/index.js
463 silly gunzTarPerm modified mode [ 'test/index.js', 420, 436 ]
464 silly gunzTarPerm extractEntry CHANGELOG.md
465 silly gunzTarPerm extractEntry tools/package.json
466 silly gunzTarPerm extractEntry tools/README.md
467 silly gunzTarPerm extractEntry tools/1to2.js
468 silly gentlyRm /home/brandon/Documents/Projects/JoyRyde/node_modules/.staging/bluetooth-serial-port-0d3d0676/node_modules is being purged
469 verbose gentlyRm don't care about contents; nuking /home/brandon/Documents/Projects/JoyRyde/node_modules/.staging/bluetooth-serial-port-0d3d0676/node_modules
470 silly gentlyRm /home/brandon/Documents/Projects/JoyRyde/node_modules/.staging/nan-c59ee0a7/node_modules is being purged
471 verbose gentlyRm don't care about contents; nuking /home/brandon/Documents/Projects/JoyRyde/node_modules/.staging/nan-c59ee0a7/node_modules
472 silly doParallel preinstall 5
473 silly preinstall @types/node@7.0.52 /home/brandon/Documents/Projects/JoyRyde/node_modules/.staging/@types/node-a7ca7ae3
474 info lifecycle @types/node@7.0.52~preinstall: @types/node@7.0.52
475 silly preinstall bindings@1.2.1 /home/brandon/Documents/Projects/JoyRyde/node_modules/.staging/bindings-3358988b
476 info lifecycle bindings@1.2.1~preinstall: bindings@1.2.1
477 silly preinstall nan@2.8.0 /home/brandon/Documents/Projects/JoyRyde/node_modules/.staging/nan-c59ee0a7
478 info lifecycle nan@2.8.0~preinstall: nan@2.8.0
479 silly preinstall bluetooth-serial-port@2.1.5 /home/brandon/Documents/Projects/JoyRyde/node_modules/.staging/bluetooth-serial-port-0d3d0676
480 info lifecycle bluetooth-serial-port@2.1.5~preinstall: bluetooth-serial-port@2.1.5
481 silly preinstall bluetooth-obd@0.2.4 /home/brandon/Documents/Projects/JoyRyde/node_modules/.staging/bluetooth-obd-21fcb9dd
482 info lifecycle bluetooth-obd@0.2.4~preinstall: bluetooth-obd@0.2.4
483 silly lifecycle @types/node@7.0.52~preinstall: no script for preinstall, continuing
484 silly lifecycle bindings@1.2.1~preinstall: no script for preinstall, continuing
485 silly lifecycle nan@2.8.0~preinstall: no script for preinstall, continuing
486 silly lifecycle bluetooth-serial-port@2.1.5~preinstall: no script for preinstall, continuing
487 silly lifecycle bluetooth-obd@0.2.4~preinstall: no script for preinstall, continuing
488 silly doReverseSerial remove 0
489 silly doSerial move 0
490 silly doSerial finalize 5
491 silly finalize /home/brandon/Documents/Projects/JoyRyde/node_modules/@types/node
492 silly finalize /home/brandon/Documents/Projects/JoyRyde/node_modules/bindings
493 silly finalize /home/brandon/Documents/Projects/JoyRyde/node_modules/nan
494 silly finalize /home/brandon/Documents/Projects/JoyRyde/node_modules/bluetooth-serial-port
495 silly finalize /home/brandon/Documents/Projects/JoyRyde/node_modules/bluetooth-obd
496 silly doSerial build 5
497 silly build @types/node@7.0.52
498 info linkStuff @types/node@7.0.52
499 silly linkStuff @types/node@7.0.52 has /home/brandon/Documents/Projects/JoyRyde/node_modules as its parent node_modules
500 verbose linkBins @types/node@7.0.52
501 verbose linkMans @types/node@7.0.52
502 silly build bindings@1.2.1
503 info linkStuff bindings@1.2.1
504 silly linkStuff bindings@1.2.1 has /home/brandon/Documents/Projects/JoyRyde/node_modules as its parent node_modules
505 verbose linkBins bindings@1.2.1
506 verbose linkMans bindings@1.2.1
507 silly build nan@2.8.0
508 info linkStuff nan@2.8.0
509 silly linkStuff nan@2.8.0 has /home/brandon/Documents/Projects/JoyRyde/node_modules as its parent node_modules
510 verbose linkBins nan@2.8.0
511 verbose linkMans nan@2.8.0
512 silly build bluetooth-serial-port@2.1.5
513 info linkStuff bluetooth-serial-port@2.1.5
514 silly linkStuff bluetooth-serial-port@2.1.5 has /home/brandon/Documents/Projects/JoyRyde/node_modules as its parent node_modules
515 verbose linkBins bluetooth-serial-port@2.1.5
516 verbose linkMans bluetooth-serial-port@2.1.5
517 silly build bluetooth-obd@0.2.4
518 info linkStuff bluetooth-obd@0.2.4
519 silly linkStuff bluetooth-obd@0.2.4 has /home/brandon/Documents/Projects/JoyRyde/node_modules as its parent node_modules
520 verbose linkBins bluetooth-obd@0.2.4
521 verbose linkMans bluetooth-obd@0.2.4
522 silly doSerial global-link 0
523 silly doParallel update-linked 0
524 silly doSerial install 5
525 silly install @types/node@7.0.52 /home/brandon/Documents/Projects/JoyRyde/node_modules/.staging/@types/node-a7ca7ae3
526 info lifecycle @types/node@7.0.52~install: @types/node@7.0.52
527 silly lifecycle @types/node@7.0.52~install: no script for install, continuing
528 silly install bindings@1.2.1 /home/brandon/Documents/Projects/JoyRyde/node_modules/.staging/bindings-3358988b
529 info lifecycle bindings@1.2.1~install: bindings@1.2.1
530 silly lifecycle bindings@1.2.1~install: no script for install, continuing
531 silly install nan@2.8.0 /home/brandon/Documents/Projects/JoyRyde/node_modules/.staging/nan-c59ee0a7
532 info lifecycle nan@2.8.0~install: nan@2.8.0
533 silly lifecycle nan@2.8.0~install: no script for install, continuing
534 silly install bluetooth-serial-port@2.1.5 /home/brandon/Documents/Projects/JoyRyde/node_modules/.staging/bluetooth-serial-port-0d3d0676
535 info lifecycle bluetooth-serial-port@2.1.5~install: bluetooth-serial-port@2.1.5
536 verbose lifecycle bluetooth-serial-port@2.1.5~install: unsafe-perm in lifecycle true
537 verbose lifecycle bluetooth-serial-port@2.1.5~install: PATH: /usr/share/npm/bin/node-gyp-bin:/home/brandon/Documents/Projects/JoyRyde/node_modules/bluetooth-serial-port/node_modules/.bin:/home/brandon/Documents/Projects/JoyRyde/node_modules/.bin:/usr/local/sbin:/usr/local/bin:/usr/sbin:/usr/bin:/sbin:/bin:/usr/games:/usr/local/games:/snap/bin
538 verbose lifecycle bluetooth-serial-port@2.1.5~install: CWD: /home/brandon/Documents/Projects/JoyRyde/node_modules/bluetooth-serial-port
539 silly lifecycle bluetooth-serial-port@2.1.5~install: Args: [ '-c', 'node-gyp configure build' ]
540 silly lifecycle bluetooth-serial-port@2.1.5~install: Returned: code: 1  signal: null
541 info lifecycle bluetooth-serial-port@2.1.5~install: Failed to exec install script
542 verbose unlock done using /home/brandon/.npm/_locks/staging-9e83cdd17a8d2878.lock for /home/brandon/Documents/Projects/JoyRyde/node_modules/.staging
543 silly rollbackFailedOptional Starting
544 silly rollbackFailedOptional Finishing
545 silly runTopLevelLifecycles Starting
546 silly runTopLevelLifecycles Finishing
547 silly install printInstalled
548 warn enoent ENOENT: no such file or directory, open '/home/brandon/Documents/Projects/JoyRyde/package.json'
549 warn JoyRyde No description
550 warn JoyRyde No repository field.
551 warn JoyRyde No README data
552 warn JoyRyde No license field.
553 verbose stack Error: bluetooth-serial-port@2.1.5 install: `node-gyp configure build`
553 verbose stack Exit status 1
553 verbose stack     at EventEmitter.<anonymous> (/usr/share/npm/lib/utils/lifecycle.js:232:16)
553 verbose stack     at emitTwo (events.js:87:13)
553 verbose stack     at EventEmitter.emit (events.js:172:7)
553 verbose stack     at ChildProcess.<anonymous> (/usr/share/npm/lib/utils/spawn.js:24:14)
553 verbose stack     at emitTwo (events.js:87:13)
553 verbose stack     at ChildProcess.emit (events.js:172:7)
553 verbose stack     at maybeClose (internal/child_process.js:821:16)
553 verbose stack     at Process.ChildProcess._handle.onexit (internal/child_process.js:211:5)
554 verbose pkgid bluetooth-serial-port@2.1.5
555 verbose cwd /home/brandon/Documents/Projects/JoyRyde
556 error Linux 4.4.0-104-generic
557 error argv "/usr/bin/nodejs" "/usr/bin/npm" "install" "bluetooth-obd"
558 error node v4.2.6
559 error npm  v3.5.2
560 error code ELIFECYCLE
561 error bluetooth-serial-port@2.1.5 install: `node-gyp configure build`
561 error Exit status 1
562 error Failed at the bluetooth-serial-port@2.1.5 install script 'node-gyp configure build'.
562 error Make sure you have the latest version of node.js and npm installed.
562 error If you do, this is most likely a problem with the bluetooth-serial-port package,
562 error not with npm itself.
562 error Tell the author that this fails on your system:
562 error     node-gyp configure build
562 error You can get information on how to open an issue for this project with:
562 error     npm bugs bluetooth-serial-port
562 error Or if that isn't available, you can get their info via:
562 error     npm owner ls bluetooth-serial-port
562 error There is likely additional logging output above.
563 verbose exit [ 1, true ]
